app/build/intermediates/manifest_merge_blame_file/debug/manifest-merger-blame-debug-report.txt
1<?xml version="1.0" encoding="utf-8"?>
2<manifest xmlns:android="http://schemas.android.com/apk/res/android"
3    package="com.example.portableDataTerminal"
4    android:versionCode="1"
5    android:versionName="1.1" >
6
7    <uses-sdk
8        android:minSdkVersion="21"
8-->src\main\AndroidManifest.xml
9        android:targetSdkVersion="33" />
9-->src\main\AndroidManifest.xml
10
11    <uses-permission android:name="android.permission.INTERNET" />
11-->src\main\AndroidManifest.xml:5:5-67
11-->src\main\AndroidManifest.xml:5:22-64
12
13    <permission
13-->[androidx.core:core:1.9.0] AndroidManifest.xml:22:5-24:47
14        android:name="com.example.portableDataTerminal.DYNAMIC_RECEIVER_NOT_EXPORTED_PERMISSION"
14-->[androidx.core:core:1.9.0] AndroidManifest.xml:23:9-81
15        android:protectionLevel="signature" />
15-->[androidx.core:core:1.9.0] AndroidManifest.xml:24:9-44
16
17    <uses-permission android:name="com.example.portableDataTerminal.DYNAMIC_RECEIVER_NOT_EXPORTED_PERMISSION" />
17-->[androidx.core:core:1.9.0] AndroidManifest.xml:26:5-97
17-->[androidx.core:core:1.9.0] AndroidManifest.xml:26:22-94
18    <uses-permission android:name="android.permission.CAMERA" /> <!-- Don't require camera, as this requires a rear camera. This allows it to work on the Nexus 7 -->
18-->[com.journeyapps:zxing-android-embedded:4.3.0] AndroidManifest.xml:22:5-65
18-->[com.journeyapps:zxing-android-embedded:4.3.0] AndroidManifest.xml:22:22-62
19    <uses-feature
19-->[com.journeyapps:zxing-android-embedded:4.3.0] AndroidManifest.xml:25:5-27:36
20        android:name="android.hardware.camera"
20-->[com.journeyapps:zxing-android-embedded:4.3.0] AndroidManifest.xml:26:9-47
21        android:required="false" />
21-->[com.journeyapps:zxing-android-embedded:4.3.0] AndroidManifest.xml:27:9-33
22    <uses-feature
22-->[com.journeyapps:zxing-android-embedded:4.3.0] AndroidManifest.xml:28:5-30:36
23        android:name="android.hardware.camera.front"
23-->[com.journeyapps:zxing-android-embedded:4.3.0] AndroidManifest.xml:29:9-53
24        android:required="false" /> <!-- TODO replace above two with next line after Android 4.2 -->
24-->[com.journeyapps:zxing-android-embedded:4.3.0] AndroidManifest.xml:30:9-33
25    <!-- <uses-feature android:name="android.hardware.camera.any"/> -->
26    <uses-feature
26-->[com.journeyapps:zxing-android-embedded:4.3.0] AndroidManifest.xml:33:5-35:36
27        android:name="android.hardware.camera.autofocus"
27-->[com.journeyapps:zxing-android-embedded:4.3.0] AndroidManifest.xml:34:9-57
28        android:required="false" />
28-->[com.journeyapps:zxing-android-embedded:4.3.0] AndroidManifest.xml:35:9-33
29    <uses-feature
29-->[com.journeyapps:zxing-android-embedded:4.3.0] AndroidManifest.xml:36:5-38:36
30        android:name="android.hardware.camera.flash"
30-->[com.journeyapps:zxing-android-embedded:4.3.0] AndroidManifest.xml:37:9-53
31        android:required="false" />
31-->[com.journeyapps:zxing-android-embedded:4.3.0] AndroidManifest.xml:38:9-33
32    <uses-feature
32-->[com.journeyapps:zxing-android-embedded:4.3.0] AndroidManifest.xml:39:5-41:36
33        android:name="android.hardware.screen.landscape"
33-->[com.journeyapps:zxing-android-embedded:4.3.0] AndroidManifest.xml:40:9-57
34        android:required="false" />
34-->[com.journeyapps:zxing-android-embedded:4.3.0] AndroidManifest.xml:41:9-33
35    <uses-feature
35-->[com.journeyapps:zxing-android-embedded:4.3.0] AndroidManifest.xml:42:5-44:36
36        android:name="android.hardware.wifi"
36-->[com.journeyapps:zxing-android-embedded:4.3.0] AndroidManifest.xml:43:9-45
37        android:required="false" />
37-->[com.journeyapps:zxing-android-embedded:4.3.0] AndroidManifest.xml:44:9-33
38
39    <application
39-->src\main\AndroidManifest.xml:7:5-39:19
40        android:allowBackup="true"
40-->src\main\AndroidManifest.xml:8:9-35
41        android:appComponentFactory="androidx.core.app.CoreComponentFactory"
41-->[androidx.core:core:1.9.0] AndroidManifest.xml:28:18-86
42        android:dataExtractionRules="@xml/data_extraction_rules"
42-->src\main\AndroidManifest.xml:9:9-65
43        android:debuggable="true"
44        android:fullBackupContent="@xml/backup_rules"
44-->src\main\AndroidManifest.xml:10:9-54
45        android:hardwareAccelerated="true"
45-->src\main\AndroidManifest.xml:11:9-43
46        android:icon="@mipmap/ic_launcher"
46-->src\main\AndroidManifest.xml:12:9-43
47        android:label="@string/app_name"
47-->src\main\AndroidManifest.xml:13:9-41
48        android:supportsRtl="true"
48-->src\main\AndroidManifest.xml:14:9-35
49        android:testOnly="true"
50        android:theme="@style/Theme.PortableDataTerminal"
50-->src\main\AndroidManifest.xml:15:9-58
51        android:usesCleartextTraffic="true" >
51-->src\main\AndroidManifest.xml:16:9-44
52        <activity
52-->src\main\AndroidManifest.xml:18:9-20:40
53            android:name="com.example.portableDataTerminal.Activitys.ShipmentActivity"
53-->src\main\AndroidManifest.xml:19:13-55
54            android:exported="false" />
54-->src\main\AndroidManifest.xml:20:13-37
55        <activity
55-->src\main\AndroidManifest.xml:21:9-23:40
56            android:name="com.example.portableDataTerminal.Activitys.AcceptanceActivity"
56-->src\main\AndroidManifest.xml:22:13-57
57            android:exported="false" />
57-->src\main\AndroidManifest.xml:23:13-37
58        <activity
58-->src\main\AndroidManifest.xml:24:9-26:40
59            android:name="com.example.portableDataTerminal.Activitys.InfoActivity"
59-->src\main\AndroidManifest.xml:25:13-51
60            android:exported="false" />
60-->src\main\AndroidManifest.xml:26:13-37
61        <activity
61-->src\main\AndroidManifest.xml:27:9-29:40
62            android:name="com.example.portableDataTerminal.Activitys.SyncActivity"
62-->src\main\AndroidManifest.xml:28:13-51
63            android:exported="false" />
63-->src\main\AndroidManifest.xml:29:13-37
64        <activity
64-->src\main\AndroidManifest.xml:30:9-38:20
65            android:name="com.example.portableDataTerminal.Activitys.MainActivity"
65-->src\main\AndroidManifest.xml:31:13-51
66            android:exported="true" >
66-->src\main\AndroidManifest.xml:32:13-36
67            <intent-filter>
67-->src\main\AndroidManifest.xml:33:13-37:29
68                <action android:name="android.intent.action.MAIN" />
68-->src\main\AndroidManifest.xml:34:17-69
68-->src\main\AndroidManifest.xml:34:25-66
69
70                <category android:name="android.intent.category.LAUNCHER" />
70-->src\main\AndroidManifest.xml:36:17-77
70-->src\main\AndroidManifest.xml:36:27-74
71            </intent-filter>
72        </activity>
73
74        <provider
74-->[androidx.emoji2:emoji2:1.2.0] AndroidManifest.xml:24:9-32:20
75            android:name="androidx.startup.InitializationProvider"
75-->[androidx.emoji2:emoji2:1.2.0] AndroidManifest.xml:25:13-67
76            android:authorities="com.example.portableDataTerminal.androidx-startup"
76-->[androidx.emoji2:emoji2:1.2.0] AndroidManifest.xml:26:13-68
77            android:exported="false" >
77-->[androidx.emoji2:emoji2:1.2.0] AndroidManifest.xml:27:13-37
78            <meta-data
78-->[androidx.emoji2:emoji2:1.2.0] AndroidManifest.xml:29:13-31:52
79                android:name="androidx.emoji2.text.EmojiCompatInitializer"
79-->[androidx.emoji2:emoji2:1.2.0] AndroidManifest.xml:30:17-75
80                android:value="androidx.startup" />
80-->[androidx.emoji2:emoji2:1.2.0] AndroidManifest.xml:31:17-49
81            <meta-data
81-->[androidx.lifecycle:lifecycle-process:2.4.1] AndroidManifest.xml:31:13-33:52
82                android:name="androidx.lifecycle.ProcessLifecycleInitializer"
82-->[androidx.lifecycle:lifecycle-process:2.4.1] AndroidManifest.xml:32:17-78
83                android:value="androidx.startup" />
83-->[androidx.lifecycle:lifecycle-process:2.4.1] AndroidManifest.xml:33:17-49
84        </provider>
85
86        <activity
86-->[com.journeyapps:zxing-android-embedded:4.3.0] AndroidManifest.xml:47:9-53:63
87            android:name="com.journeyapps.barcodescanner.CaptureActivity"
87-->[com.journeyapps:zxing-android-embedded:4.3.0] AndroidManifest.xml:48:13-74
88            android:clearTaskOnLaunch="true"
88-->[com.journeyapps:zxing-android-embedded:4.3.0] AndroidManifest.xml:49:13-45
89            android:screenOrientation="sensorLandscape"
89-->[com.journeyapps:zxing-android-embedded:4.3.0] AndroidManifest.xml:50:13-56
90            android:stateNotNeeded="true"
90-->[com.journeyapps:zxing-android-embedded:4.3.0] AndroidManifest.xml:51:13-42
91            android:theme="@style/zxing_CaptureTheme"
91-->[com.journeyapps:zxing-android-embedded:4.3.0] AndroidManifest.xml:52:13-54
92            android:windowSoftInputMode="stateAlwaysHidden" />
92-->[com.journeyapps:zxing-android-embedded:4.3.0] AndroidManifest.xml:53:13-60
93    </application>
94
95</manifest>